2024-03-05 00:19:02,903 - ERROR - 101文件 负责社会化媒体营销团队的搭建工作，制定相关运营策略和指标，带领团队实施计划；网站常态运营活动规划和推进执行；相关数据报告和统计，为公司决策层提供决策依据；轻量级产品和应用的策划，统筹产品、技术团队成员实施。 未标注为 :
2024-03-05 00:19:02,903 - ERROR - 101文件 网络推广渠道搭建维护，包括QQ空间、微博、豆瓣等；负责软硬广投放，网络舆情监控，公关稿撰写，事件营销策划；标书制作和撰写，甲方沟通工作。 未标注为 :
2024-03-05 00:19:02,904 - ERROR - 101文件 主修课程：基本会计、统计学、市场营销、国际市场营销、市场调查与预测、商业心理学、广告学、公共关系学、货币银行学、经济法、国际贸易、大学英语、计算机应用等。 未标注为 :
2024-03-05 00:19:02,905 - ERROR - 101文件 本人有丰富的营销知识体系做基础；对于市场营销方面的前沿和动向有一定的了解，善于分析和吸取经验；熟悉网络推广，尤其是社会化媒体方面，有独到的见解和经验；个性开朗，容易相处，团队荣誉感强。 未标注为 :
2024-03-05 00:19:02,906 - ERROR - 101文件 CET-6，优秀的听说写能力；计算机二级，熟悉计算机各项操作；高级营销员，国家职业资格四级。 未标注为 :
2024-03-05 00:20:26,284 - ERROR - 101文件 负责社会化媒体营销团队的搭建工作，制定相关运营策略和指标，带领团队实施计划；网站常态运营活动规划和推进执行；相关数据报告和统计，为公司决策层提供决策依据；轻量级产品和应用的策划，统筹产品、技术团队成员实施。 未标注为 :
2024-03-05 00:20:26,285 - ERROR - 101文件 网络推广渠道搭建维护，包括QQ空间、微博、豆瓣等；负责软硬广投放，网络舆情监控，公关稿撰写，事件营销策划；标书制作和撰写，甲方沟通工作。 未标注为 :
2024-03-05 00:20:26,286 - ERROR - 101文件 主修课程：基本会计、统计学、市场营销、国际市场营销、市场调查与预测、商业心理学、广告学、公共关系学、货币银行学、经济法、国际贸易、大学英语、计算机应用等。 未标注为 :
2024-03-05 00:20:26,287 - ERROR - 101文件 本人有丰富的营销知识体系做基础；对于市场营销方面的前沿和动向有一定的了解，善于分析和吸取经验；熟悉网络推广，尤其是社会化媒体方面，有独到的见解和经验；个性开朗，容易相处，团队荣誉感强。 未标注为 :
2024-03-05 00:20:26,287 - ERROR - 101文件 CET-6，优秀的听说写能力；计算机二级，熟悉计算机各项操作；高级营销员，国家职业资格四级。 未标注为 :
2024-03-05 00:20:40,719 - ERROR - 101文件 负责社会化媒体营销团队的搭建工作，制定相关运营策略和指标，带领团队实施计划；网站常态运营活动规划和推进执行；相关数据报告和统计，为公司决策层提供决策依据；轻量级产品和应用的策划，统筹产品、技术团队成员实施。 未标注为 :
2024-03-05 00:20:40,720 - ERROR - 101文件 网络推广渠道搭建维护，包括QQ空间、微博、豆瓣等；负责软硬广投放，网络舆情监控，公关稿撰写，事件营销策划；标书制作和撰写，甲方沟通工作。 未标注为 :
2024-03-05 00:20:40,721 - ERROR - 101文件 主修课程：基本会计、统计学、市场营销、国际市场营销、市场调查与预测、商业心理学、广告学、公共关系学、货币银行学、经济法、国际贸易、大学英语、计算机应用等。 未标注为 :
2024-03-05 00:20:40,722 - ERROR - 101文件 本人有丰富的营销知识体系做基础；对于市场营销方面的前沿和动向有一定的了解，善于分析和吸取经验；熟悉网络推广，尤其是社会化媒体方面，有独到的见解和经验；个性开朗，容易相处，团队荣誉感强。 未标注为 :
2024-03-05 00:20:40,723 - ERROR - 101文件 CET-6，优秀的听说写能力；计算机二级，熟悉计算机各项操作；高级营销员，国家职业资格四级。 未标注为 :
2024-03-05 00:20:47,468 - ERROR - 101文件 负责社会化媒体营销团队的搭建工作，制定相关运营策略和指标，带领团队实施计划；网站常态运营活动规划和推进执行；相关数据报告和统计，为公司决策层提供决策依据；轻量级产品和应用的策划，统筹产品、技术团队成员实施。 未标注为 :
2024-03-05 00:20:47,470 - ERROR - 101文件 网络推广渠道搭建维护，包括QQ空间、微博、豆瓣等；负责软硬广投放，网络舆情监控，公关稿撰写，事件营销策划；标书制作和撰写，甲方沟通工作。 未标注为 :
2024-03-05 00:20:47,471 - ERROR - 101文件 主修课程：基本会计、统计学、市场营销、国际市场营销、市场调查与预测、商业心理学、广告学、公共关系学、货币银行学、经济法、国际贸易、大学英语、计算机应用等。 未标注为 :
2024-03-05 00:20:47,472 - ERROR - 101文件 本人有丰富的营销知识体系做基础；对于市场营销方面的前沿和动向有一定的了解，善于分析和吸取经验；熟悉网络推广，尤其是社会化媒体方面，有独到的见解和经验；个性开朗，容易相处，团队荣誉感强。 未标注为 :
2024-03-05 00:20:47,473 - ERROR - 101文件 CET-6，优秀的听说写能力；计算机二级，熟悉计算机各项操作；高级营销员，国家职业资格四级。 未标注为 :
2024-03-05 00:21:34,902 - ERROR - 101文件 负责社会化媒体营销团队的搭建工作，制定相关运营策略和指标，带领团队实施计划；网站常态运营活动规划和推进执行；相关数据报告和统计，为公司决策层提供决策依据；轻量级产品和应用的策划，统筹产品、技术团队成员实施。 未标注为 :
2024-03-05 00:21:34,903 - ERROR - 101文件 网络推广渠道搭建维护，包括QQ空间、微博、豆瓣等；负责软硬广投放，网络舆情监控，公关稿撰写，事件营销策划；标书制作和撰写，甲方沟通工作。 未标注为 :
2024-03-05 00:21:34,904 - ERROR - 101文件 主修课程：基本会计、统计学、市场营销、国际市场营销、市场调查与预测、商业心理学、广告学、公共关系学、货币银行学、经济法、国际贸易、大学英语、计算机应用等。 未标注为 :
2024-03-05 00:21:34,905 - ERROR - 101文件 本人有丰富的营销知识体系做基础；对于市场营销方面的前沿和动向有一定的了解，善于分析和吸取经验；熟悉网络推广，尤其是社会化媒体方面，有独到的见解和经验；个性开朗，容易相处，团队荣誉感强。 未标注为 :
2024-03-05 00:21:34,905 - ERROR - 101文件 CET-6，优秀的听说写能力；计算机二级，熟悉计算机各项操作；高级营销员，国家职业资格四级。 未标注为 :
2024-03-05 00:21:43,585 - ERROR - 101文件 负责社会化媒体营销团队的搭建工作，制定相关运营策略和指标，带领团队实施计划；网站常态运营活动规划和推进执行；相关数据报告和统计，为公司决策层提供决策依据；轻量级产品和应用的策划，统筹产品、技术团队成员实施。 未标注为 :
2024-03-05 00:21:43,586 - ERROR - 101文件 网络推广渠道搭建维护，包括QQ空间、微博、豆瓣等；负责软硬广投放，网络舆情监控，公关稿撰写，事件营销策划；标书制作和撰写，甲方沟通工作。 未标注为 :
2024-03-05 00:21:43,587 - ERROR - 101文件 主修课程：基本会计、统计学、市场营销、国际市场营销、市场调查与预测、商业心理学、广告学、公共关系学、货币银行学、经济法、国际贸易、大学英语、计算机应用等。 未标注为 :
2024-03-05 00:21:43,589 - ERROR - 101文件 本人有丰富的营销知识体系做基础；对于市场营销方面的前沿和动向有一定的了解，善于分析和吸取经验；熟悉网络推广，尤其是社会化媒体方面，有独到的见解和经验；个性开朗，容易相处，团队荣誉感强。 未标注为 :
2024-03-05 00:21:43,589 - ERROR - 101文件 CET-6，优秀的听说写能力；计算机二级，熟悉计算机各项操作；高级营销员，国家职业资格四级。 未标注为 :
2024-03-05 00:23:49,433 - ERROR - 101文件 负责社会化媒体营销团队的搭建工作，制定相关运营策略和指标，带领团队实施计划；网站常态运营活动规划和推进执行；相关数据报告和统计，为公司决策层提供决策依据；轻量级产品和应用的策划，统筹产品、技术团队成员实施。 未标注为 :
2024-03-05 00:24:15,605 - ERROR - 101文件 网络推广渠道搭建维护，包括QQ空间、微博、豆瓣等；负责软硬广投放，网络舆情监控，公关稿撰写，事件营销策划；标书制作和撰写，甲方沟通工作。 未标注为 :
2024-03-05 00:24:42,637 - ERROR - 101文件 主修课程：基本会计、统计学、市场营销、国际市场营销、市场调查与预测、商业心理学、广告学、公共关系学、货币银行学、经济法、国际贸易、大学英语、计算机应用等。 未标注为 :
2024-03-05 00:25:19,377 - ERROR - 101文件 本人有丰富的营销知识体系做基础；对于市场营销方面的前沿和动向有一定的了解，善于分析和吸取经验；熟悉网络推广，尤其是社会化媒体方面，有独到的见解和经验；个性开朗，容易相处，团队荣誉感强。 未标注为 :
2024-03-05 00:25:19,379 - ERROR - 101文件 CET-6，优秀的听说写能力；计算机二级，熟悉计算机各项操作；高级营销员，国家职业资格四级。 未标注为 :
2024-03-05 00:25:56,617 - ERROR - 101文件 负责社会化媒体营销团队的搭建工作，制定相关运营策略和指标，带领团队实施计划；网站常态运营活动规划和推进执行；相关数据报告和统计，为公司决策层提供决策依据；轻量级产品和应用的策划，统筹产品、技术团队成员实施。 未标注为 :
2024-03-05 00:25:56,617 - ERROR - 101文件 网络推广渠道搭建维护，包括QQ空间、微博、豆瓣等；负责软硬广投放，网络舆情监控，公关稿撰写，事件营销策划；标书制作和撰写，甲方沟通工作。 未标注为 :
2024-03-05 00:25:56,618 - ERROR - 101文件 主修课程：基本会计、统计学、市场营销、国际市场营销、市场调查与预测、商业心理学、广告学、公共关系学、货币银行学、经济法、国际贸易、大学英语、计算机应用等。 未标注为 :
2024-03-05 00:25:56,619 - ERROR - 101文件 本人有丰富的营销知识体系做基础；对于市场营销方面的前沿和动向有一定的了解，善于分析和吸取经验；熟悉网络推广，尤其是社会化媒体方面，有独到的见解和经验；个性开朗，容易相处，团队荣誉感强。 未标注为 :
2024-03-05 00:25:56,620 - ERROR - 101文件 CET-6，优秀的听说写能力；计算机二级，熟悉计算机各项操作；高级营销员，国家职业资格四级。 未标注为 :
2024-03-05 00:27:30,503 - ERROR - 101文件 负责社会化媒体营销团队的搭建工作，制定相关运营策略和指标，带领团队实施计划；网站常态运营活动规划和推进执行；相关数据报告和统计，为公司决策层提供决策依据；轻量级产品和应用的策划，统筹产品、技术团队成员实施。 未标注为 :
2024-03-05 00:27:30,504 - ERROR - 101文件 网络推广渠道搭建维护，包括QQ空间、微博、豆瓣等；负责软硬广投放，网络舆情监控，公关稿撰写，事件营销策划；标书制作和撰写，甲方沟通工作。 未标注为 :
2024-03-05 00:27:30,505 - ERROR - 101文件 主修课程：基本会计、统计学、市场营销、国际市场营销、市场调查与预测、商业心理学、广告学、公共关系学、货币银行学、经济法、国际贸易、大学英语、计算机应用等。 未标注为 :
2024-03-05 00:27:30,505 - ERROR - 101文件 本人有丰富的营销知识体系做基础；对于市场营销方面的前沿和动向有一定的了解，善于分析和吸取经验；熟悉网络推广，尤其是社会化媒体方面，有独到的见解和经验；个性开朗，容易相处，团队荣誉感强。 未标注为 :
2024-03-05 00:27:30,506 - ERROR - 101文件 CET-6，优秀的听说写能力；计算机二级，熟悉计算机各项操作；高级营销员，国家职业资格四级。 未标注为 :
2024-03-05 00:27:35,533 - ERROR - 101文件 负责社会化媒体营销团队的搭建工作，制定相关运营策略和指标，带领团队实施计划；网站常态运营活动规划和推进执行；相关数据报告和统计，为公司决策层提供决策依据；轻量级产品和应用的策划，统筹产品、技术团队成员实施。 未标注为 :
2024-03-05 00:27:35,534 - ERROR - 101文件 网络推广渠道搭建维护，包括QQ空间、微博、豆瓣等；负责软硬广投放，网络舆情监控，公关稿撰写，事件营销策划；标书制作和撰写，甲方沟通工作。 未标注为 :
2024-03-05 00:27:35,535 - ERROR - 101文件 主修课程：基本会计、统计学、市场营销、国际市场营销、市场调查与预测、商业心理学、广告学、公共关系学、货币银行学、经济法、国际贸易、大学英语、计算机应用等。 未标注为 :
2024-03-05 00:27:35,536 - ERROR - 101文件 本人有丰富的营销知识体系做基础；对于市场营销方面的前沿和动向有一定的了解，善于分析和吸取经验；熟悉网络推广，尤其是社会化媒体方面，有独到的见解和经验；个性开朗，容易相处，团队荣誉感强。 未标注为 :
2024-03-05 00:27:35,536 - ERROR - 101文件 CET-6，优秀的听说写能力；计算机二级，熟悉计算机各项操作；高级营销员，国家职业资格四级。 未标注为 :
2024-03-05 12:28:51,621 - ERROR - 101文件 负责社会化媒体营销团队的搭建工作，制定相关运营策略和指标，带领团队实施计划；网站常态运营活动规划和推进执行；相关数据报告和统计，为公司决策层提供决策依据；轻量级产品和应用的策划，统筹产品、技术团队成员实施。 未标注为 :
2024-03-05 12:28:51,622 - ERROR - 101文件 网络推广渠道搭建维护，包括QQ空间、微博、豆瓣等；负责软硬广投放，网络舆情监控，公关稿撰写，事件营销策划；标书制作和撰写，甲方沟通工作。 未标注为 :
2024-03-05 12:28:51,623 - ERROR - 101文件 主修课程：基本会计、统计学、市场营销、国际市场营销、市场调查与预测、商业心理学、广告学、公共关系学、货币银行学、经济法、国际贸易、大学英语、计算机应用等。 未标注为 :
2024-03-05 12:28:51,624 - ERROR - 101文件 本人有丰富的营销知识体系做基础；对于市场营销方面的前沿和动向有一定的了解，善于分析和吸取经验；熟悉网络推广，尤其是社会化媒体方面，有独到的见解和经验；个性开朗，容易相处，团队荣誉感强。 未标注为 :
2024-03-05 12:28:51,625 - ERROR - 101文件 CET-6，优秀的听说写能力；计算机二级，熟悉计算机各项操作；高级营销员，国家职业资格四级。 未标注为 :
2024-03-05 12:29:57,140 - ERROR - 101文件 负责社会化媒体营销团队的搭建工作，制定相关运营策略和指标，带领团队实施计划；网站常态运营活动规划和推进执行；相关数据报告和统计，为公司决策层提供决策依据；轻量级产品和应用的策划，统筹产品、技术团队成员实施。 未标注为 :
2024-03-05 12:29:57,141 - ERROR - 101文件 网络推广渠道搭建维护，包括QQ空间、微博、豆瓣等；负责软硬广投放，网络舆情监控，公关稿撰写，事件营销策划；标书制作和撰写，甲方沟通工作。 未标注为 :
2024-03-05 12:29:57,141 - ERROR - 101文件 主修课程：基本会计、统计学、市场营销、国际市场营销、市场调查与预测、商业心理学、广告学、公共关系学、货币银行学、经济法、国际贸易、大学英语、计算机应用等。 未标注为 :
2024-03-05 12:29:57,142 - ERROR - 101文件 本人有丰富的营销知识体系做基础；对于市场营销方面的前沿和动向有一定的了解，善于分析和吸取经验；熟悉网络推广，尤其是社会化媒体方面，有独到的见解和经验；个性开朗，容易相处，团队荣誉感强。 未标注为 :
2024-03-05 12:29:57,143 - ERROR - 101文件 CET-6，优秀的听说写能力；计算机二级，熟悉计算机各项操作；高级营销员，国家职业资格四级。 未标注为 :
2024-03-05 12:30:04,897 - ERROR - 101文件 负责社会化媒体营销团队的搭建工作，制定相关运营策略和指标，带领团队实施计划；网站常态运营活动规划和推进执行；相关数据报告和统计，为公司决策层提供决策依据；轻量级产品和应用的策划，统筹产品、技术团队成员实施。 未标注为 :
2024-03-05 12:30:04,898 - ERROR - 101文件 网络推广渠道搭建维护，包括QQ空间、微博、豆瓣等；负责软硬广投放，网络舆情监控，公关稿撰写，事件营销策划；标书制作和撰写，甲方沟通工作。 未标注为 :
2024-03-05 12:30:04,900 - ERROR - 101文件 主修课程：基本会计、统计学、市场营销、国际市场营销、市场调查与预测、商业心理学、广告学、公共关系学、货币银行学、经济法、国际贸易、大学英语、计算机应用等。 未标注为 :
2024-03-05 12:30:04,901 - ERROR - 101文件 本人有丰富的营销知识体系做基础；对于市场营销方面的前沿和动向有一定的了解，善于分析和吸取经验；熟悉网络推广，尤其是社会化媒体方面，有独到的见解和经验；个性开朗，容易相处，团队荣誉感强。 未标注为 :
2024-03-05 12:30:04,902 - ERROR - 101文件 CET-6，优秀的听说写能力；计算机二级，熟悉计算机各项操作；高级营销员，国家职业资格四级。 未标注为 :
2024-03-05 12:37:31,994 - ERROR - 101文件 负责社会化媒体营销团队的搭建工作，制定相关运营策略和指标，带领团队实施计划；网站常态运营活动规划和推进执行；相关数据报告和统计，为公司决策层提供决策依据；轻量级产品和应用的策划，统筹产品、技术团队成员实施。 未标注为 :
2024-03-05 12:44:21,085 - ERROR - 101文件 负责社会化媒体营销团队的搭建工作，制定相关运营策略和指标，带领团队实施计划；网站常态运营活动规划和推进执行；相关数据报告和统计，为公司决策层提供决策依据；轻量级产品和应用的策划，统筹产品、技术团队成员实施。 未标注为 :
2024-03-05 12:44:21,088 - ERROR - 101文件 网络推广渠道搭建维护，包括QQ空间、微博、豆瓣等；负责软硬广投放，网络舆情监控，公关稿撰写，事件营销策划；标书制作和撰写，甲方沟通工作。 未标注为 :
2024-03-05 12:44:21,091 - ERROR - 101文件 主修课程：基本会计、统计学、市场营销、国际市场营销、市场调查与预测、商业心理学、广告学、公共关系学、货币银行学、经济法、国际贸易、大学英语、计算机应用等。 未标注为 :
2024-03-05 12:44:21,094 - ERROR - 101文件 本人有丰富的营销知识体系做基础；对于市场营销方面的前沿和动向有一定的了解，善于分析和吸取经验；熟悉网络推广，尤其是社会化媒体方面，有独到的见解和经验；个性开朗，容易相处，团队荣誉感强。 未标注为 :
2024-03-05 12:44:21,096 - ERROR - 101文件 CET-6，优秀的听说写能力；计算机二级，熟悉计算机各项操作；高级营销员，国家职业资格四级。 未标注为 :
2024-03-05 12:44:44,591 - ERROR - 101文件 负责社会化媒体营销团队的搭建工作，制定相关运营策略和指标，带领团队实施计划；网站常态运营活动规划和推进执行；相关数据报告和统计，为公司决策层提供决策依据；轻量级产品和应用的策划，统筹产品、技术团队成员实施。 未标注为 :
2024-03-05 12:44:44,593 - ERROR - 101文件 网络推广渠道搭建维护，包括QQ空间、微博、豆瓣等；负责软硬广投放，网络舆情监控，公关稿撰写，事件营销策划；标书制作和撰写，甲方沟通工作。 未标注为 :
2024-03-05 12:44:44,594 - ERROR - 101文件 主修课程：基本会计、统计学、市场营销、国际市场营销、市场调查与预测、商业心理学、广告学、公共关系学、货币银行学、经济法、国际贸易、大学英语、计算机应用等。 未标注为 :
2024-03-05 12:44:44,596 - ERROR - 101文件 本人有丰富的营销知识体系做基础；对于市场营销方面的前沿和动向有一定的了解，善于分析和吸取经验；熟悉网络推广，尤其是社会化媒体方面，有独到的见解和经验；个性开朗，容易相处，团队荣誉感强。 未标注为 :
2024-03-05 12:44:44,597 - ERROR - 101文件 CET-6，优秀的听说写能力；计算机二级，熟悉计算机各项操作；高级营销员，国家职业资格四级。 未标注为 :
