2024-03-05 00:19:02,902 - INFO - 101文件 蔡于纬 标注为 NM
2024-03-05 00:19:02,902 - INFO - 101文件 23 标注为 AG
2024-03-05 00:19:02,902 - INFO - 101文件 13511223344 标注为 TL
2024-03-05 00:19:02,902 - INFO - 101文件 广东省广州市 标注为 LV
2024-03-05 00:19:02,902 - INFO - 101文件 2022.08至今 标注为 WE_TM_0
2024-03-05 00:19:02,902 - INFO - 101文件 卓望信息科技有限公司 标注为 WE_OG_0
2024-03-05 00:19:02,902 - INFO - 101文件 营运推广主管 标注为 WE_RL_0
2024-03-05 00:19:02,903 - INFO - 101文件 2021.8-2022.8 标注为 WE_TM_1
2024-03-05 00:19:02,903 - INFO - 101文件 广州灵心沙文化活动有限公司 标注为 WE_OG_1
2024-03-05 00:19:02,903 - INFO - 101文件 市场推广专员 标注为 WE_RL_1
2024-03-05 00:19:02,904 - INFO - 101文件 2018.9-2021.6 标注为 ED_TM_0
2024-03-05 00:19:02,904 - INFO - 101文件 华南师范大学附属中学 标注为 ED_SC_0
2024-03-05 00:19:02,904 - INFO - 101文件 高中 标注为 ED_DG_0
2024-03-05 00:19:02,906 - INFO - 101文件 市场专员 标注为 CO
2024-03-05 00:19:02,906 - INFO - 101文件 service@500d.me 标注为 EM
2024-03-05 00:20:26,284 - INFO - 101文件 蔡于纬 标注为 NM
2024-03-05 00:20:26,284 - INFO - 101文件 23 标注为 AG
2024-03-05 00:20:26,284 - INFO - 101文件 13511223344 标注为 TL
2024-03-05 00:20:26,284 - INFO - 101文件 广东省广州市 标注为 LV
2024-03-05 00:20:26,284 - INFO - 101文件 2022.08至今 标注为 WE_TM_0
2024-03-05 00:20:26,284 - INFO - 101文件 卓望信息科技有限公司 标注为 WE_OG_0
2024-03-05 00:20:26,284 - INFO - 101文件 营运推广主管 标注为 WE_RL_0
2024-03-05 00:20:26,285 - INFO - 101文件 2021.8-2022.8 标注为 WE_TM_1
2024-03-05 00:20:26,285 - INFO - 101文件 广州灵心沙文化活动有限公司 标注为 WE_OG_1
2024-03-05 00:20:26,285 - INFO - 101文件 市场推广专员 标注为 WE_RL_1
2024-03-05 00:20:26,286 - INFO - 101文件 2018.9-2021.6 标注为 ED_TM_0
2024-03-05 00:20:26,286 - INFO - 101文件 华南师范大学附属中学 标注为 ED_SC_0
2024-03-05 00:20:26,286 - INFO - 101文件 高中 标注为 ED_DG_0
2024-03-05 00:20:26,287 - INFO - 101文件 市场专员 标注为 CO
2024-03-05 00:20:26,288 - INFO - 101文件 service@500d.me 标注为 EM
2024-03-05 00:20:40,719 - INFO - 101文件 蔡于纬 标注为 NM
2024-03-05 00:20:40,719 - INFO - 101文件 23 标注为 AG
2024-03-05 00:20:40,719 - INFO - 101文件 13511223344 标注为 TL
2024-03-05 00:20:40,719 - INFO - 101文件 广东省广州市 标注为 LV
2024-03-05 00:20:40,719 - INFO - 101文件 2022.08至今 标注为 WE_TM_0
2024-03-05 00:20:40,719 - INFO - 101文件 卓望信息科技有限公司 标注为 WE_OG_0
2024-03-05 00:20:40,719 - INFO - 101文件 营运推广主管 标注为 WE_RL_0
2024-03-05 00:20:40,720 - INFO - 101文件 2021.8-2022.8 标注为 WE_TM_1
2024-03-05 00:20:40,720 - INFO - 101文件 广州灵心沙文化活动有限公司 标注为 WE_OG_1
2024-03-05 00:20:40,720 - INFO - 101文件 市场推广专员 标注为 WE_RL_1
2024-03-05 00:20:40,721 - INFO - 101文件 2018.9-2021.6 标注为 ED_TM_0
2024-03-05 00:20:40,721 - INFO - 101文件 华南师范大学附属中学 标注为 ED_SC_0
2024-03-05 00:20:40,721 - INFO - 101文件 高中 标注为 ED_DG_0
2024-03-05 00:20:40,723 - INFO - 101文件 市场专员 标注为 CO
2024-03-05 00:20:40,723 - INFO - 101文件 service@500d.me 标注为 EM
2024-03-05 00:20:47,468 - INFO - 101文件 蔡于纬 标注为 NM
2024-03-05 00:20:47,468 - INFO - 101文件 23 标注为 AG
2024-03-05 00:20:47,468 - INFO - 101文件 13511223344 标注为 TL
2024-03-05 00:20:47,468 - INFO - 101文件 广东省广州市 标注为 LV
2024-03-05 00:20:47,468 - INFO - 101文件 2022.08至今 标注为 WE_TM_0
2024-03-05 00:20:47,468 - INFO - 101文件 卓望信息科技有限公司 标注为 WE_OG_0
2024-03-05 00:20:47,468 - INFO - 101文件 营运推广主管 标注为 WE_RL_0
2024-03-05 00:20:47,469 - INFO - 101文件 2021.8-2022.8 标注为 WE_TM_1
2024-03-05 00:20:47,470 - INFO - 101文件 广州灵心沙文化活动有限公司 标注为 WE_OG_1
2024-03-05 00:20:47,470 - INFO - 101文件 市场推广专员 标注为 WE_RL_1
2024-03-05 00:20:47,471 - INFO - 101文件 2018.9-2021.6 标注为 ED_TM_0
2024-03-05 00:20:47,471 - INFO - 101文件 华南师范大学附属中学 标注为 ED_SC_0
2024-03-05 00:20:47,471 - INFO - 101文件 高中 标注为 ED_DG_0
2024-03-05 00:20:47,473 - INFO - 101文件 市场专员 标注为 CO
2024-03-05 00:20:47,474 - INFO - 101文件 service@500d.me 标注为 EM
2024-03-05 00:21:34,902 - INFO - 101文件 蔡于纬 标注为 NM
2024-03-05 00:21:34,902 - INFO - 101文件 23 标注为 AG
2024-03-05 00:21:34,902 - INFO - 101文件 13511223344 标注为 TL
2024-03-05 00:21:34,902 - INFO - 101文件 广东省广州市 标注为 LV
2024-03-05 00:21:34,902 - INFO - 101文件 2022.08至今 标注为 WE_TM_0
2024-03-05 00:21:34,902 - INFO - 101文件 卓望信息科技有限公司 标注为 WE_OG_0
2024-03-05 00:21:34,902 - INFO - 101文件 营运推广主管 标注为 WE_RL_0
2024-03-05 00:21:34,903 - INFO - 101文件 2021.8-2022.8 标注为 WE_TM_1
2024-03-05 00:21:34,903 - INFO - 101文件 广州灵心沙文化活动有限公司 标注为 WE_OG_1
2024-03-05 00:21:34,903 - INFO - 101文件 市场推广专员 标注为 WE_RL_1
2024-03-05 00:21:34,904 - INFO - 101文件 2018.9-2021.6 标注为 ED_TM_0
2024-03-05 00:21:34,904 - INFO - 101文件 华南师范大学附属中学 标注为 ED_SC_0
2024-03-05 00:21:34,904 - INFO - 101文件 高中 标注为 ED_DG_0
2024-03-05 00:21:34,905 - INFO - 101文件 市场专员 标注为 CO
2024-03-05 00:21:34,906 - INFO - 101文件 service@500d.me 标注为 EM
2024-03-05 00:21:43,584 - INFO - 101文件 蔡于纬 标注为 NM
2024-03-05 00:21:43,584 - INFO - 101文件 23 标注为 AG
2024-03-05 00:21:43,584 - INFO - 101文件 13511223344 标注为 TL
2024-03-05 00:21:43,584 - INFO - 101文件 广东省广州市 标注为 LV
2024-03-05 00:21:43,584 - INFO - 101文件 2022.08至今 标注为 WE_TM_0
2024-03-05 00:21:43,584 - INFO - 101文件 卓望信息科技有限公司 标注为 WE_OG_0
2024-03-05 00:21:43,585 - INFO - 101文件 营运推广主管 标注为 WE_RL_0
2024-03-05 00:21:43,586 - INFO - 101文件 2021.8-2022.8 标注为 WE_TM_1
2024-03-05 00:21:43,586 - INFO - 101文件 广州灵心沙文化活动有限公司 标注为 WE_OG_1
2024-03-05 00:21:43,586 - INFO - 101文件 市场推广专员 标注为 WE_RL_1
2024-03-05 00:21:43,587 - INFO - 101文件 2018.9-2021.6 标注为 ED_TM_0
2024-03-05 00:21:43,587 - INFO - 101文件 华南师范大学附属中学 标注为 ED_SC_0
2024-03-05 00:21:43,587 - INFO - 101文件 高中 标注为 ED_DG_0
2024-03-05 00:21:43,589 - INFO - 101文件 市场专员 标注为 CO
2024-03-05 00:21:43,590 - INFO - 101文件 service@500d.me 标注为 EM
2024-03-05 00:23:12,827 - INFO - 101文件 蔡于纬 标注为 NM
2024-03-05 00:23:12,827 - INFO - 101文件 23 标注为 AG
2024-03-05 00:23:12,828 - INFO - 101文件 13511223344 标注为 TL
2024-03-05 00:23:12,828 - INFO - 101文件 广东省广州市 标注为 LV
2024-03-05 00:23:27,097 - INFO - 101文件 2022.08至今 标注为 WE_TM_0
2024-03-05 00:23:42,353 - INFO - 101文件 卓望信息科技有限公司 标注为 WE_OG_0
2024-03-05 00:23:48,117 - INFO - 101文件 营运推广主管 标注为 WE_RL_0
2024-03-05 00:24:08,466 - INFO - 101文件 2021.8-2022.8 标注为 WE_TM_1
2024-03-05 00:24:12,470 - INFO - 101文件 广州灵心沙文化活动有限公司 标注为 WE_OG_1
2024-03-05 00:24:13,979 - INFO - 101文件 市场推广专员 标注为 WE_RL_1
2024-03-05 00:24:37,442 - INFO - 101文件 2018.9-2021.6 标注为 ED_TM_0
2024-03-05 00:24:39,990 - INFO - 101文件 华南师范大学附属中学 标注为 ED_SC_0
2024-03-05 00:24:41,441 - INFO - 101文件 高中 标注为 ED_DG_0
2024-03-05 00:25:19,379 - INFO - 101文件 市场专员 标注为 CO
2024-03-05 00:25:19,380 - INFO - 101文件 service@500d.me 标注为 EM
2024-03-05 00:25:56,616 - INFO - 101文件 蔡于纬 标注为 NM
2024-03-05 00:25:56,616 - INFO - 101文件 23 标注为 AG
2024-03-05 00:25:56,616 - INFO - 101文件 13511223344 标注为 TL
2024-03-05 00:25:56,616 - INFO - 101文件 广东省广州市 标注为 LV
2024-03-05 00:25:56,616 - INFO - 101文件 2022.08至今 标注为 WE_TM_0
2024-03-05 00:25:56,616 - INFO - 101文件 卓望信息科技有限公司 标注为 WE_OG_0
2024-03-05 00:25:56,617 - INFO - 101文件 营运推广主管 标注为 WE_RL_0
2024-03-05 00:25:56,617 - INFO - 101文件 2021.8-2022.8 标注为 WE_TM_1
2024-03-05 00:25:56,617 - INFO - 101文件 广州灵心沙文化活动有限公司 标注为 WE_OG_1
2024-03-05 00:25:56,617 - INFO - 101文件 市场推广专员 标注为 WE_RL_1
2024-03-05 00:25:56,618 - INFO - 101文件 2018.9-2021.6 标注为 ED_TM_0
2024-03-05 00:25:56,618 - INFO - 101文件 华南师范大学附属中学 标注为 ED_SC_0
2024-03-05 00:25:56,618 - INFO - 101文件 高中 标注为 ED_DG_0
2024-03-05 00:25:56,620 - INFO - 101文件 市场专员 标注为 CO
2024-03-05 00:25:56,620 - INFO - 101文件 service@500d.me 标注为 EM
2024-03-05 00:27:30,502 - INFO - 101文件 蔡于纬 标注为 NM
2024-03-05 00:27:30,502 - INFO - 101文件 23 标注为 AG
2024-03-05 00:27:30,502 - INFO - 101文件 13511223344 标注为 TL
2024-03-05 00:27:30,502 - INFO - 101文件 广东省广州市 标注为 LV
2024-03-05 00:27:30,503 - INFO - 101文件 2022.08至今 标注为 WE_TM_0
2024-03-05 00:27:30,503 - INFO - 101文件 卓望信息科技有限公司 标注为 WE_OG_0
2024-03-05 00:27:30,503 - INFO - 101文件 营运推广主管 标注为 WE_RL_0
2024-03-05 00:27:30,504 - INFO - 101文件 2021.8-2022.8 标注为 WE_TM_1
2024-03-05 00:27:30,504 - INFO - 101文件 广州灵心沙文化活动有限公司 标注为 WE_OG_1
2024-03-05 00:27:30,504 - INFO - 101文件 市场推广专员 标注为 WE_RL_1
2024-03-05 00:27:30,504 - INFO - 101文件 2018.9-2021.6 标注为 ED_TM_0
2024-03-05 00:27:30,504 - INFO - 101文件 华南师范大学附属中学 标注为 ED_SC_0
2024-03-05 00:27:30,505 - INFO - 101文件 高中 标注为 ED_DG_0
2024-03-05 00:27:30,506 - INFO - 101文件 市场专员 标注为 CO
2024-03-05 00:27:30,506 - INFO - 101文件 service@500d.me 标注为 EM
2024-03-05 00:27:35,533 - INFO - 101文件 蔡于纬 标注为 NM
2024-03-05 00:27:35,533 - INFO - 101文件 23 标注为 AG
2024-03-05 00:27:35,533 - INFO - 101文件 13511223344 标注为 TL
2024-03-05 00:27:35,533 - INFO - 101文件 广东省广州市 标注为 LV
2024-03-05 00:27:35,533 - INFO - 101文件 2022.08至今 标注为 WE_TM_0
2024-03-05 00:27:35,533 - INFO - 101文件 卓望信息科技有限公司 标注为 WE_OG_0
2024-03-05 00:27:35,533 - INFO - 101文件 营运推广主管 标注为 WE_RL_0
2024-03-05 00:27:35,534 - INFO - 101文件 2021.8-2022.8 标注为 WE_TM_1
2024-03-05 00:27:35,534 - INFO - 101文件 广州灵心沙文化活动有限公司 标注为 WE_OG_1
2024-03-05 00:27:35,534 - INFO - 101文件 市场推广专员 标注为 WE_RL_1
2024-03-05 00:27:35,535 - INFO - 101文件 2018.9-2021.6 标注为 ED_TM_0
2024-03-05 00:27:35,535 - INFO - 101文件 华南师范大学附属中学 标注为 ED_SC_0
2024-03-05 00:27:35,535 - INFO - 101文件 高中 标注为 ED_DG_0
2024-03-05 00:27:35,536 - INFO - 101文件 市场专员 标注为 CO
2024-03-05 00:27:35,537 - INFO - 101文件 service@500d.me 标注为 EM
